c:\users\l-408-21\desktop\mipt\cpract\checker\checker\x64\debug\vc143.pdb
c:\users\l-408-21\desktop\mipt\cpract\checker\checker\x64\debug\vc143.idb
c:\users\pavel\documents\github\scheme_constructor\checker\x64\debug\vc143.pdb
c:\users\pavel\documents\github\scheme_constructor\checker\x64\debug\vc143.idb
c:\users\pavel\documents\github\scheme_constructor\checker\x64\debug\graph.obj
c:\users\pavel\documents\github\scheme_constructor\checker\x64\debug\check_tools.obj
c:\users\pavel\documents\github\scheme_constructor\checker\x64\debug\checker.obj
c:\users\pavel\documents\github\scheme_constructor\checker\x64\debug\netlist.obj
c:\users\pavel\documents\github\scheme_constructor\checker\x64\debug\checker.ilk
c:\users\pavel\documents\github\scheme_constructor\x64\debug\checker.exe
c:\users\pavel\documents\github\scheme_constructor\x64\debug\checker.pdb
c:\users\pavel\documents\github\scheme_constructor\checker\x64\debug\gmock-cardinalities.obj
c:\users\pavel\documents\github\scheme_constructor\checker\x64\debug\gmock-internal-utils.obj
c:\users\pavel\documents\github\scheme_constructor\checker\x64\debug\gmock-matchers.obj
c:\users\pavel\documents\github\scheme_constructor\checker\x64\debug\gmock-spec-builders.obj
c:\users\pavel\documents\github\scheme_constructor\checker\x64\debug\gmock.obj
c:\users\pavel\documents\github\scheme_constructor\checker\x64\debug\gmock_main.obj
c:\users\pavel\documents\github\scheme_constructor\checker\x64\debug\gtest-all.obj
c:\users\pavel\documents\github\scheme_constructor\checker\x64\debug\gtest-assertion-result.obj
c:\users\pavel\documents\github\scheme_constructor\checker\x64\debug\gtest-death-test.obj
c:\users\pavel\documents\github\scheme_constructor\checker\x64\debug\gtest-filepath.obj
c:\users\pavel\documents\github\scheme_constructor\checker\x64\debug\gtest-matchers.obj
c:\users\pavel\documents\github\scheme_constructor\checker\x64\debug\gtest-port.obj
c:\users\pavel\documents\github\scheme_constructor\checker\x64\debug\gtest-printers.obj
c:\users\pavel\documents\github\scheme_constructor\checker\x64\debug\gtest-test-part.obj
c:\users\pavel\documents\github\scheme_constructor\checker\x64\debug\gtest-typed-test.obj
c:\users\pavel\documents\github\scheme_constructor\checker\x64\debug\gtest.obj
c:\users\pavel\documents\github\scheme_constructor\checker\x64\debug\gtest_main.obj
c:\users\pavel\documents\github\scheme_constructor\checker\x64\debug\unfolding_graph.obj
c:\users\pavel\documents\github\scheme_constructor\checker\x64\debug\checker.tlog\cl.command.1.tlog
c:\users\pavel\documents\github\scheme_constructor\checker\x64\debug\checker.tlog\cl.items.tlog
c:\users\pavel\documents\github\scheme_constructor\checker\x64\debug\checker.tlog\cl.read.1.tlog
c:\users\pavel\documents\github\scheme_constructor\checker\x64\debug\checker.tlog\cl.write.1.tlog
c:\users\pavel\documents\github\scheme_constructor\checker\x64\debug\checker.tlog\link.command.1.tlog
c:\users\pavel\documents\github\scheme_constructor\checker\x64\debug\checker.tlog\link.read.1.tlog
c:\users\pavel\documents\github\scheme_constructor\checker\x64\debug\checker.tlog\link.write.1.tlog
